2014-03-13 15:58:41 Error: [MissingPluginException] Plugin DebugKit could not be found.
Exception Attributes: array (
  'plugin' => 'DebugKit',
)
Request URL: /cakephp1/
Stack Trace:
#0 C:\xampp\htdocs\cakephp1\lib\Cake\Core\App.php(365): CakePlugin::path('DebugKit')
#1 C:\xampp\htdocs\cakephp1\lib\Cake\Core\App.php(226): App::pluginPath('DebugKit')
#2 C:\xampp\htdocs\cakephp1\lib\Cake\Core\App.php(547): App::path('Controller/Comp...', 'DebugKit')
#3 [internal function]: App::load('ToolbarComponen...')
#4 [internal function]: spl_autoload_call('ToolbarComponen...')
#5 C:\xampp\htdocs\cakephp1\lib\Cake\Controller\ComponentCollection.php(110): class_exists('ToolbarComponen...')
#6 C:\xampp\htdocs\cakephp1\lib\Cake\Controller\ComponentCollection.php(53): ComponentCollection->load('DebugKit.Toolba...', Array)
#7 C:\xampp\htdocs\cakephp1\lib\Cake\Controller\Controller.php(643): ComponentCollection->init(Object(PagesController))
#8 C:\xampp\htdocs\cakephp1\lib\Cake\Routing\Dispatcher.php(181): Controller->constructClasses()
#9 C:\xampp\htdocs\cakephp1\lib\Cake\Routing\Dispatcher.php(160): Dispatcher->_invoke(Object(PagesController), Object(CakeRequest), Object(CakeResponse))
#10 C:\xampp\htdocs\cakephp1\app\webroot\index.php(108): Dispatcher->dispatch(Object(CakeRequest), Object(CakeResponse))
#11 {main}
2014-03-13 15:58:54 Error: [MissingComponentException] Component class DebugKitComponent could not be found.
Exception Attributes: array (
  'class' => 'DebugKitComponent',
  'plugin' => false,
)
Request URL: /cakephp1/
Stack Trace:
#0 C:\xampp\htdocs\cakephp1\lib\Cake\Controller\ComponentCollection.php(53): ComponentCollection->load('DebugKit', Array)
#1 C:\xampp\htdocs\cakephp1\lib\Cake\Controller\Controller.php(643): ComponentCollection->init(Object(PagesController))
#2 C:\xampp\htdocs\cakephp1\lib\Cake\Routing\Dispatcher.php(181): Controller->constructClasses()
#3 C:\xampp\htdocs\cakephp1\lib\Cake\Routing\Dispatcher.php(160): Dispatcher->_invoke(Object(PagesController), Object(CakeRequest), Object(CakeResponse))
#4 C:\xampp\htdocs\cakephp1\app\webroot\index.php(108): Dispatcher->dispatch(Object(CakeRequest), Object(CakeResponse))
#5 {main}
2014-03-13 16:07:51 Error: [MissingPluginException] Plugin DebugKit could not be found.
Exception Attributes: array (
  'plugin' => 'DebugKit',
)
Request URL: /cakephp1/
Stack Trace:
#0 C:\xampp\htdocs\cakephp1\lib\Cake\Core\App.php(365): CakePlugin::path('DebugKit')
#1 C:\xampp\htdocs\cakephp1\lib\Cake\Core\App.php(226): App::pluginPath('DebugKit')
#2 C:\xampp\htdocs\cakephp1\lib\Cake\Core\App.php(547): App::path('Controller/Comp...', 'DebugKit')
#3 [internal function]: App::load('ToolbarComponen...')
#4 [internal function]: spl_autoload_call('ToolbarComponen...')
#5 C:\xampp\htdocs\cakephp1\lib\Cake\Controller\ComponentCollection.php(110): class_exists('ToolbarComponen...')
#6 C:\xampp\htdocs\cakephp1\lib\Cake\Controller\ComponentCollection.php(53): ComponentCollection->load('DebugKit.Toolba...', Array)
#7 C:\xampp\htdocs\cakephp1\lib\Cake\Controller\Controller.php(643): ComponentCollection->init(Object(PagesController))
#8 C:\xampp\htdocs\cakephp1\lib\Cake\Routing\Dispatcher.php(181): Controller->constructClasses()
#9 C:\xampp\htdocs\cakephp1\lib\Cake\Routing\Dispatcher.php(160): Dispatcher->_invoke(Object(PagesController), Object(CakeRequest), Object(CakeResponse))
#10 C:\xampp\htdocs\cakephp1\app\webroot\index.php(108): Dispatcher->dispatch(Object(CakeRequest), Object(CakeResponse))
#11 {main}
2014-08-27 19:24:23 Error: Fatal Error (1): Call to a member function allow() on a non-object in [C:\xampp\htdocs\cubaimport\app\Controller\UsersController.php, line 12]
2014-08-27 19:24:23 Error: [FatalErrorException] Call to a member function allow() on a non-object
Request URL: /cubaimport/
Stack Trace:
#0 C:\xampp\htdocs\cubaimport\lib\Cake\Error\ErrorHandler.php(203): ErrorHandler::handleFatalError(1, 'Call to a membe...', 'C:\\xampp\\htdocs...', 12)
#1 [internal function]: ErrorHandler::handleError(1, 'Call to a membe...', 'C:\\xampp\\htdocs...', 12, Array)
#2 C:\xampp\htdocs\cubaimport\lib\Cake\Core\App.php(929): call_user_func('ErrorHandler::h...', 1, 'Call to a membe...', 'C:\\xampp\\htdocs...', 12, Array)
#3 C:\xampp\htdocs\cubaimport\lib\Cake\Core\App.php(902): App::_checkFatalError()
#4 [internal function]: App::shutdown()
#5 {main}
2014-08-27 19:24:24 Error: [MissingControllerException] Controller class CubaimportController could not be found.
Exception Attributes: array (
  'class' => 'CubaimportController',
  'plugin' => NULL,
)
Request URL: /cubaimport/cubaimport/img/favicon.png
Stack Trace:
#0 C:\xampp\htdocs\cubaimport\app\webroot\index.php(108): Dispatcher->dispatch(Object(CakeRequest), Object(CakeResponse))
#1 {main}
2014-08-27 19:24:25 Error: [MissingControllerException] Controller class CubaimportController could not be found.
Exception Attributes: array (
  'class' => 'CubaimportController',
  'plugin' => NULL,
)
Request URL: /cubaimport/cubaimport/img/favicon.png
Stack Trace:
#0 C:\xampp\htdocs\cubaimport\app\webroot\index.php(108): Dispatcher->dispatch(Object(CakeRequest), Object(CakeResponse))
#1 {main}
2014-08-27 19:24:26 Error: [MissingControllerException] Controller class CubaimportController could not be found.
Exception Attributes: array (
  'class' => 'CubaimportController',
  'plugin' => NULL,
)
Request URL: /cubaimport/cubaimport/img/favicon.png
Stack Trace:
#0 C:\xampp\htdocs\cubaimport\app\webroot\index.php(108): Dispatcher->dispatch(Object(CakeRequest), Object(CakeResponse))
#1 {main}
2014-08-27 19:24:26 Error: [MissingControllerException] Controller class CubaimportController could not be found.
Exception Attributes: array (
  'class' => 'CubaimportController',
  'plugin' => NULL,
)
Request URL: /cubaimport/cubaimport/img/favicon.png
Stack Trace:
#0 C:\xampp\htdocs\cubaimport\app\webroot\index.php(108): Dispatcher->dispatch(Object(CakeRequest), Object(CakeResponse))
#1 {main}
2014-08-27 19:25:04 Error: [MissingComponentException] Component class authorizeComponent could not be found.
Exception Attributes: array (
  'class' => 'authorizeComponent',
  'plugin' => false,
)
Request URL: /cubaimport/
Stack Trace:
#0 C:\xampp\htdocs\cubaimport\lib\Cake\Controller\ComponentCollection.php(53): ComponentCollection->load('authorize', Array)
#1 C:\xampp\htdocs\cubaimport\lib\Cake\Controller\Controller.php(643): ComponentCollection->init(Object(UsersController))
#2 C:\xampp\htdocs\cubaimport\lib\Cake\Routing\Dispatcher.php(181): Controller->constructClasses()
#3 C:\xampp\htdocs\cubaimport\lib\Cake\Routing\Dispatcher.php(160): Dispatcher->_invoke(Object(UsersController), Object(CakeRequest), Object(CakeResponse))
#4 C:\xampp\htdocs\cubaimport\app\webroot\index.php(108): Dispatcher->dispatch(Object(CakeRequest), Object(CakeResponse))
#5 {main}
2014-08-27 12:29:14 Error: [MissingControllerException] Controller class ImgController could not be found.
Exception Attributes: array (
  'class' => 'ImgController',
  'plugin' => NULL,
)
Request URL: /cubaimport/img/tools.png
Stack Trace:
#0 C:\xampp\htdocs\cubaimport\app\webroot\index.php(108): Dispatcher->dispatch(Object(CakeRequest), Object(CakeResponse))
#1 {main}
2014-08-27 12:29:15 Error: [MissingControllerException] Controller class ImgController could not be found.
Exception Attributes: array (
  'class' => 'ImgController',
  'plugin' => NULL,
)
Request URL: /cubaimport/img/tools.png
Stack Trace:
#0 C:\xampp\htdocs\cubaimport\app\webroot\index.php(108): Dispatcher->dispatch(Object(CakeRequest), Object(CakeResponse))
#1 {main}
2014-08-27 14:53:03 Error: [PDOException] SQLSTATE[23000]: Integrity constraint violation: 1062 Duplicate entry '0' for key 'PRIMARY'
Request URL: /cubaimport/measure_units/add
Stack Trace:
#0 C:\xampp\htdocs\cubaimport\lib\Cake\Model\Datasource\DboSource.php(458): PDOStatement->execute(Array)
#1 C:\xampp\htdocs\cubaimport\lib\Cake\Model\Datasource\DboSource.php(424): DboSource->_execute('INSERT INTO `cu...', Array)
#2 C:\xampp\htdocs\cubaimport\lib\Cake\Model\Datasource\DboSource.php(1004): DboSource->execute('INSERT INTO `cu...')
#3 C:\xampp\htdocs\cubaimport\lib\Cake\Model\Model.php(1832): DboSource->create(Object(MeasureUnit), Array, Array)
#4 C:\xampp\htdocs\cubaimport\app\Controller\MeasureUnitsController.php(52): Model->save(Array)
#5 [internal function]: MeasureUnitsController->add()
#6 C:\xampp\htdocs\cubaimport\lib\Cake\Controller\Controller.php(490): ReflectionMethod->invokeArgs(Object(MeasureUnitsController), Array)
#7 C:\xampp\htdocs\cubaimport\lib\Cake\Routing\Dispatcher.php(185): Controller->invokeAction(Object(CakeRequest))
#8 C:\xampp\htdocs\cubaimport\lib\Cake\Routing\Dispatcher.php(160): Dispatcher->_invoke(Object(MeasureUnitsController), Object(CakeRequest), Object(CakeResponse))
#9 C:\xampp\htdocs\cubaimport\app\webroot\index.php(108): Dispatcher->dispatch(Object(CakeRequest), Object(CakeResponse))
#10 {main}
